<?xml version="1.0" encoding="UTF-8"?>
<!-- Generated by org.testng.reporters.JUnitXMLReporter -->
<testsuite ignored="0" hostname="DESKTOP-TCCOMSR" failures="0" tests="3" name="Default test" time="4.442" errors="0" timestamp="2022-12-07T16:38:57 GMT+01:00">
  <testcase classname="datadrivertestng.DataDrivenAddNewEmplL" name="postNewEmployeL" time="2.954"/>
  <testcase classname="datadrivertestng.DataDrivenAddNewEmplL" name="postNewEmployeL" time="0.707"/>
  <testcase classname="datadrivertestng.DataDrivenAddNewEmplL" name="postNewEmployeL" time="0.719"/>
</testsuite> <!-- Default test -->
