<?xml version="1.0" encoding="UTF-8"?>
<!-- Generated by org.testng.reporters.JUnitXMLReporter -->
<testsuite ignored="0" hostname="DESKTOP-TCCOMSR" failures="0" tests="3" name="Default test" time="4.059" errors="0" timestamp="2023-01-24T17:41:17 GMT+01:00">
  <testcase classname="register_User.R_RegisterFileProperties" name="resgisteruserFileProperties" time="2.238"/>
  <testcase classname="register_User.R_RegisterFileProperties" name="userloginproperties" time="1.176"/>
  <testcase classname="register_User.R_RegisterFileProperties" name="userlogoutproperties" time="0.61"/>
</testsuite> <!-- Default test -->
