<?xml version="1.0" encoding="UTF-8"?>
<!-- Generated by org.testng.reporters.JUnitXMLReporter -->
<testsuite ignored="1" hostname="DESKTOP-TCCOMSR" failures="0" tests="0" time="0.037" errors="0" timestamp="2022-12-14T10:26:40 GMT+01:00">
  <testcase classname="datepicker.BookingSearch" name="@BeforeTest bookingsearchdate" time="0.016">
    <failure type="java.lang.NullPointerException" message="Cannot invoke &amp;quot;org.openqa.selenium.WebDriver.findElement(org.openqa.selenium.By)&amp;quot; because &amp;quot;datepicker.BookingSearch.driver&amp;quot; is null">
      <![CDATA[java.lang.NullPointerException: Cannot invoke "org.openqa.selenium.WebDriver.findElement(org.openqa.selenium.By)" because "datepicker.BookingSearch.driver" is null
at datepicker.BookingSearch.bookingsearchdate(BookingSearch.java:28)
... Removed 22 stack frames]]>
    </failure>
  </testcase> <!-- @BeforeTest bookingsearchdate -->
  <testcase classname="datepicker.BookingSearch" name="@BeforeTest bookingsearchdatedepart" time="-1.67101000058E9">
    <skipped/>
  </testcase> <!-- @BeforeTest bookingsearchdatedepart -->
  <testcase classname="datepicker.BookingSearch" name="test1" time="0.0">
    <ignored/>
  </testcase> <!-- test1 -->
</testsuite>
