<?xml version="1.0" encoding="UTF-8"?>
<!-- Generated by org.testng.reporters.JUnitXMLReporter -->
<testsuite ignored="0" hostname="DESKTOP-TCCOMSR" failures="1" tests="1" name="listener " time="0.078" errors="0" timestamp="2022-07-21T10:08:33 GMT+01:00">
  <testcase classname="ui.VerifyTitle" name="testTitle" time="0.035">
    <failure type="java.lang.NullPointerException" message="Cannot invoke &amp;quot;org.openqa.selenium.TakesScreenshot.getScreenshotAs(org.openqa.selenium.OutputType)&amp;quot; because &amp;quot;utilities.TestUtils.driver&amp;quot; is null">
      <![CDATA[java.lang.NullPointerException: Cannot invoke "org.openqa.selenium.TakesScreenshot.getScreenshotAs(org.openqa.selenium.OutputType)" because "utilities.TestUtils.driver" is null
at utilities.TestUtils.getScreenshot(TestUtils.java:19)
at common.Listeners.onTestStart(Listeners.java:16)
at java.base/java.util.ArrayList.forEach(ArrayList.java:1511)
... Removed 24 stack frames]]>
    </failure>
  </testcase> <!-- testTitle -->
</testsuite> <!-- listener  -->
