<?xml version="1.0" encoding="UTF-8"?>
<!-- Generated by org.testng.reporters.JUnitXMLReporter -->
<testsuite ignored="0" hostname="DESKTOP-TCCOMSR" failures="0" tests="8" name="Regression" time="6.537" errors="0" timestamp="2022-07-13T14:01:43 GMT+01:00">
  <testcase classname="ui.GroupTest" name="bTest2" time="0.008"/>
  <testcase classname="ui.GroupTest" name="bTest3" time="0.001"/>
  <testcase classname="ui.GroupTest" name="aTest1" time="0.002"/>
  <testcase classname="ui.GroupTest" name="aTest2" time="0.002"/>
  <testcase classname="ui.LoginTest" name="loginOut" time="0.002"/>
  <testcase classname="ui.LoginTest" name="loginTest" time="0.001"/>
  <testcase classname="ui.VerifyTitleandText" name="testTitle" time="3.605"/>
  <testcase classname="ui.VerifyTitle" name="testTitle" time="2.841"/>
</testsuite> <!-- Regression -->
