<?xml version="1.0" encoding="UTF-8"?>
<!-- Generated by org.testng.reporters.JUnitXMLReporter -->
<testsuite ignored="0" hostname="DESKTOP-TCCOMSR" failures="2" tests="2" name="Regression1" time="9.299" errors="0" timestamp="2022-07-20T14:06:01 GMT+01:00">
  <testcase classname="ui.VerifyTitle" name="testTitle" time="7.11">
    <failure type="java.lang.AssertionError" message="The following asserts failed:
	title verification faild expected [Electronics, Cars Fashion, Collectibles &amp;amp; More | eBay] but found [Electronics, Cars, Fashion, Collectibles &amp;amp; More | eBay]">
      <![CDATA[java.lang.AssertionError: The following asserts failed:
title verification faild expected [Electronics, Cars Fashion, Collectibles & More | eBay] but found [Electronics, Cars, Fashion, Collectibles & More | eBay]
at ui.VerifyTitle.testTitle(VerifyTitle.java:36)
at java.base/java.util.ArrayList.forEach(ArrayList.java:1511)
... Removed 27 stack frames]]>
    </failure>
  </testcase> <!-- testTitle -->
  <testcase classname="ui.VerifyTitleandText" name="testTitle" time="2.146">
    <failure type="java.lang.AssertionError" message="expected [Electronics Cars, Fashion, Collectibles &amp;amp; More | eBay] but found [Electronics, Cars, Fashion, Collectibles &amp;amp; More | eBay]">
      <![CDATA[java.lang.AssertionError: expected [Electronics Cars, Fashion, Collectibles & More | eBay] but found [Electronics, Cars, Fashion, Collectibles & More | eBay]
at ui.VerifyTitleandText.testTitle(VerifyTitleandText.java:22)
at java.base/java.util.ArrayList.forEach(ArrayList.java:1511)
... Removed 31 stack frames]]>
    </failure>
  </testcase> <!-- testTitle -->
</testsuite> <!-- Regression1 -->
