<?xml version="1.0" encoding="UTF-8"?>
<!-- Generated by org.testng.reporters.JUnitXMLReporter -->
<testsuite ignored="2" hostname="DESKTOP-TCCOMSR" failures="0" tests="2" name="GRP-regression" time="0.049" errors="0" timestamp="2022-07-12T14:20:42 GMT+01:00">
  <testcase classname="ui.GroupTest" name="aTest1" time="0.01"/>
  <testcase classname="ui.GroupTest" name="aTest2" time="0.001"/>
  <testcase classname="ui.GroupTest" name="bTest3" time="0.0">
    <ignored/>
  </testcase> <!-- bTest3 -->
  <testcase classname="ui.GroupTest" name="bTest2" time="0.0">
    <ignored/>
  </testcase> <!-- bTest2 -->
</testsuite> <!-- GRP-regression -->
