<?xml version="1.0" encoding="UTF-8"?>
<!-- Generated by org.testng.reporters.JUnitXMLReporter -->
<testsuite ignored="0" hostname="DESKTOP-TCCOMSR" failures="0" tests="4" name="GRP-vbt,regression" time="0.076" errors="0" timestamp="2022-12-02T11:24:39 GMT+01:00">
  <testcase classname="ui.GroupTest" name="aTest" time="0.013"/>
  <testcase classname="ui.GroupTest" name="bTest" time="0.002"/>
  <testcase classname="ui.GroupTest" name="cTest" time="0.003"/>
  <testcase classname="ui.GroupTest" name="dTest" time="0.002"/>
</testsuite> <!-- GRP-vbt,regression -->
