<?xml version="1.0" encoding="UTF-8"?>
<!-- Generated by org.testng.reporters.JUnitXMLReporter -->
<testsuite ignored="0" hostname="DESKTOP-TCCOMSR" failures="0" tests="4" name="GRP-regression,vbt" time="0.057" errors="0" timestamp="2022-07-12T14:21:43 GMT+01:00">
  <testcase classname="ui.GroupTest" name="bTest2" time="0.01"/>
  <testcase classname="ui.GroupTest" name="bTest3" time="0.002"/>
  <testcase classname="ui.GroupTest" name="aTest1" time="0.001"/>
  <testcase classname="ui.GroupTest" name="aTest2" time="0.001"/>
</testsuite> <!-- GRP-regression,vbt -->
