<?xml version="1.0" encoding="UTF-8"?>
<!-- Generated by org.testng.reporters.JUnitXMLReporter -->
<testsuite ignored="0" hostname="DESKTOP-TCCOMSR" failures="0" tests="1" name="Booking" time="0.074" errors="0" timestamp="2022-12-14T10:00:22 GMT+01:00">
  <testcase classname="datepicker.BookingSearch" name="@BeforeTest bookingsearchdate" time="0.021">
    <failure type="java.lang.NullPointerException" message="Cannot invoke &amp;quot;org.openqa.selenium.WebDriver.findElement(org.openqa.selenium.By)&amp;quot; because &amp;quot;datepicker.BookingSearch.driver&amp;quot; is null">
      <![CDATA[java.lang.NullPointerException: Cannot invoke "org.openqa.selenium.WebDriver.findElement(org.openqa.selenium.By)" because "datepicker.BookingSearch.driver" is null
at datepicker.BookingSearch.bookingsearchdate(BookingSearch.java:29)
... Removed 22 stack frames]]>
    </failure>
  </testcase> <!-- @BeforeTest bookingsearchdate -->
  <testcase classname="datepicker.LunchBrowser" name="@BeforeGroups launchbrowser" time="-1.671008422262E9">
    <skipped/>
  </testcase> <!-- @BeforeGroups launchbrowser -->
  <testcase classname="datepicker.BookingSearch" name="bookingsearchdatedepart" time="0.0">
    <skipped/>
  </testcase> <!-- bookingsearchdatedepart -->
</testsuite> <!-- Booking -->
