<?xml version="1.0" encoding="UTF-8"?>
<testng-results ignored="0" total="1" passed="1" failed="0" skipped="0">
  <reporter-output>
  </reporter-output>
  <suite started-at="2022-12-13T17:45:18 GMT+01:00" name="Default suite" finished-at="2022-12-13T17:45:24 GMT+01:00" duration-ms="5882">
    <groups>
    </groups>
    <test started-at="2022-12-13T17:45:18 GMT+01:00" name="Default test" finished-at="2022-12-13T17:45:24 GMT+01:00" duration-ms="5882">
      <class name="datepicker.BookingSearch">
        <test-method signature="bookingsearchdate()[pri:0, instance:datepicker.BookingSearch@2f7298b]" started-at="2022-12-13T17:45:18 GMT+01:00" name="bookingsearchdate" finished-at="2022-12-13T17:45:24 GMT+01:00" duration-ms="5830" status="PASS">
          <reporter-output>
          </reporter-output>
        </test-method> <!-- bookingsearchdate -->
      </class> <!-- datepicker.BookingSearch -->
    </test> <!-- Default test -->
  </suite> <!-- Default suite -->
</testng-results>
